La génération a démarré 2014-12-15 12:11:40.
     1>Projet "P:\Prog\TP\TP3\MSFV\MSFV.vcxproj" sur le nœud 2 (Build cible(s)).
     1>ClCompile:
         C:\Program Files (x86)\Microsoft Visual Studio 12.0\VC\bin\CL.exe /c /ZI /nologo /W3 /WX- /sdl /Od /Oy- /D _MBCS /Gm /EHsc /RTC1 /MDd /GS /fp:precise /Zc:wchar_t /Zc:forScope /Fo"Debug\\" /Fd"Debug\vc120.pdb" /Gd /TP /analyze- /errorReport:prompt main.cpp
         main.cpp
     1>p:\prog\tp\tp3\msfv\main.cpp(55): warning C4018: '<=' : incompatibilité signed/unsigned
     1>p:\prog\tp\tp3\msfv\main.cpp(61): warning C4018: '<=' : incompatibilité signed/unsigned
     1>p:\prog\tp\tp3\msfv\main.cpp(67): warning C4018: '>' : incompatibilité signed/unsigned
     1>p:\prog\tp\tp3\msfv\main.cpp(84): warning C4018: '<=' : incompatibilité signed/unsigned
     1>p:\prog\tp\tp3\msfv\main.cpp(90): warning C4018: '>' : incompatibilité signed/unsigned
     1>p:\prog\tp\tp3\msfv\main.cpp(112): warning C4018: '<=' : incompatibilité signed/unsigned
     1>p:\prog\tp\tp3\msfv\main.cpp(126): warning C4018: '<=' : incompatibilité signed/unsigned
     1>p:\prog\tp\tp3\msfv\main.cpp(128): warning C4018: '<=' : incompatibilité signed/unsigned
     1>p:\prog\tp\tp3\msfv\main.cpp(193): warning C4018: '<=' : incompatibilité signed/unsigned
     1>p:\prog\tp\tp3\msfv\main.cpp(216): warning C4018: '>' : incompatibilité signed/unsigned
     1>p:\prog\tp\tp3\msfv\main.cpp(251): warning C4018: '<=' : incompatibilité signed/unsigned
     1>p:\prog\tp\tp3\msfv\main.cpp(285): warning C4018: '<=' : incompatibilité signed/unsigned
     1>p:\prog\tp\tp3\msfv\main.cpp(287): warning C4018: '<=' : incompatibilité signed/unsigned
     1>p:\prog\tp\tp3\msfv\main.cpp(317): warning C4018: '<=' : incompatibilité signed/unsigned
     1>p:\prog\tp\tp3\msfv\main.cpp(342): warning C4018: '<=' : incompatibilité signed/unsigned
     1>p:\prog\tp\tp3\msfv\listdcwcur.h(75): warning C4018: '<=' : incompatibilité signed/unsigned
                 p:\prog\tp\tp3\msfv\listdcwcur.h(74) : lors de la compilation de la fonction membre 'bool CListDCwCur<CDossier *>::AllerA(int)' de la classe modèle
                 p:\prog\tp\tp3\msfv\procedure_baker.h(9) : voir la référence à l'instanciation de la fonction modèle 'bool CListDCwCur<CDossier *>::AllerA(int)' en cours de compilation
                 p:\prog\tp\tp3\msfv\procedure_baker.h(9) : voir la référence à l'instanciation de la classe modèle 'CListDCwCur<CDossier *>' en cours de compilation
     1>p:\prog\tp\tp3\msfv\listdcwcur.h(83): warning C4018: '>' : incompatibilité signed/unsigned
       Link:
         C:\Program Files (x86)\Microsoft Visual Studio 12.0\VC\bin\link.exe /ERRORREPORT:PROMPT /OUT:"P:\Prog\TP\TP3\Debug\MSFV.exe" /INCREMENTAL /NOLOGO SDL2.lib SDL2main.lib SDL2_ttf.lib kernel32.lib user32.lib gdi32.lib winspool.lib comdlg32.lib advapi32.lib shell32.lib ole32.lib oleaut32.lib uuid.lib odbc32.lib odbccp32.lib /MANIFEST /MANIFESTUAC:"level='asInvoker' uiAccess='false'" /manifest:embed /DEBUG /PDB:"P:\Prog\TP\TP3\Debug\MSFV.pdb" /SUBSYSTEM:WINDOWS /TLBID:1 /DYNAMICBASE /NXCOMPAT /IMPLIB:"P:\Prog\TP\TP3\Debug\MSFV.lib" /MACHINE:X86 Debug\main.obj
         MSFV.vcxproj -> P:\Prog\TP\TP3\Debug\MSFV.exe
     1>Génération du projet "P:\Prog\TP\TP3\MSFV\MSFV.vcxproj" terminée (Build cible(s)).

La génération a réussi.

Temps écoulé 00:00:04.50
