La génération a démarré 2014-12-03 17:30:08.
     1>Projet "P:\Prog\Classe\Arbre AVL\ArbreBinaire\ArbreBinaire.vcxproj" sur le nœud 2 (Build cible(s)).
     1>C:\Program Files (x86)\MSBuild\Microsoft.Cpp\v4.0\V120\Microsoft.CppBuild.targets(388,5): warning MSB8028: The intermediate directory (Debug\) contains files shared from another project (ArbreBinaire.vcxproj).  This can lead to incorrect clean and rebuild behavior.
     1>ClCompile:
         C:\Program Files (x86)\Microsoft Visual Studio 12.0\VC\bin\CL.exe /c /ZI /nologo /W3 /WX- /sdl /Od /Oy- /D _MBCS /Gm /EHsc /RTC1 /MDd /GS /fp:precise /Zc:wchar_t /Zc:forScope /Fo"Debug\\" /Fd"Debug\vc120.pdb" /Gd /TP /analyze- /errorReport:prompt main.cpp
         main.cpp
     1>p:\prog\classe\arbre avl\arbrebinaire\listesc.h(47): warning C4018: '<=' : incompatibilité signed/unsigned
     1>p:\prog\classe\arbre avl\arbrebinaire\listesc.h(76): warning C4018: '<=' : incompatibilité signed/unsigned
     1>p:\prog\classe\arbre avl\arbrebinaire\listesc.h(104): warning C4018: '<' : incompatibilité signed/unsigned
     1>p:\prog\classe\arbre avl\arbrebinaire\main.cpp(44): warning C4018: '<' : incompatibilité signed/unsigned
     1>p:\prog\classe\arbre avl\arbrebinaire\main.cpp(51): warning C4018: '<' : incompatibilité signed/unsigned
     1>p:\prog\classe\arbre avl\arbrebinaire\main.cpp(58): warning C4018: '<' : incompatibilité signed/unsigned
     1>p:\prog\classe\arbre avl\arbrebinaire\main.cpp(65): warning C4018: '<' : incompatibilité signed/unsigned
     1>p:\prog\classe\arbre avl\arbrebinaire\main.cpp(74): warning C4018: '<' : incompatibilité signed/unsigned
       Link:
         C:\Program Files (x86)\Microsoft Visual Studio 12.0\VC\bin\link.exe /ERRORREPORT:PROMPT /OUT:"P:\Prog\Classe\Arbre AVL\Debug\ArbreAVL.exe" /INCREMENTAL /NOLOGO kernel32.lib user32.lib gdi32.lib winspool.lib comdlg32.lib advapi32.lib shell32.lib ole32.lib oleaut32.lib uuid.lib odbc32.lib odbccp32.lib /MANIFEST /MANIFESTUAC:"level='asInvoker' uiAccess='false'" /manifest:embed /DEBUG /PDB:"P:\Prog\Classe\Arbre AVL\Debug\ArbreAVL.pdb" /TLBID:1 /DYNAMICBASE /NXCOMPAT /IMPLIB:"P:\Prog\Classe\Arbre AVL\Debug\ArbreAVL.lib" /MACHINE:X86 Debug\main.obj
         ArbreBinaire.vcxproj -> P:\Prog\Classe\Arbre AVL\Debug\ArbreAVL.exe
     1>Génération du projet "P:\Prog\Classe\Arbre AVL\ArbreBinaire\ArbreBinaire.vcxproj" terminée (Build cible(s)).

La génération a réussi.

Temps écoulé 00:00:01.69
