La génération a démarré 2014-11-05 12:56:13.
     1>Projet "P:\Prog\TP\TP2_Samuel_Baker\TP1\TP1.vcxproj" sur le nœud 2 (Build cible(s)).
     1>C:\Program Files (x86)\MSBuild\Microsoft.Cpp\v4.0\V120\Microsoft.CppBuild.targets(388,5): warning MSB8028: The intermediate directory (Debug\) contains files shared from another project (TP1.vcxproj).  This can lead to incorrect clean and rebuild behavior.
     1>ClCompile:
         C:\Program Files (x86)\Microsoft Visual Studio 12.0\VC\bin\CL.exe /c /ZI /nologo /W3 /WX- /sdl /Od /Oy- /D _MBCS /Gm /EHsc /RTC1 /MDd /GS /fp:precise /Zc:wchar_t /Zc:forScope /Fo"Debug\\" /Fd"Debug\vc120.pdb" /Gd /TP /analyze- /errorReport:prompt Main.cpp
         Main.cpp
     1>p:\prog\tp\tp2_samuel_baker\tp1\main.cpp(54): warning C4244: 'argument' : conversion de 'time_t' en 'unsigned int', perte possible de données
     1>p:\prog\tp\tp2_samuel_baker\tp1\main.cpp(136): warning C4018: '<=' : incompatibilité signed/unsigned
     1>p:\prog\tp\tp2_samuel_baker\tp1\main.cpp(386): warning C4018: '<=' : incompatibilité signed/unsigned
     1>p:\prog\tp\tp2_samuel_baker\tp1\main.cpp(411): warning C4018: '<=' : incompatibilité signed/unsigned
     1>p:\prog\tp\tp2_samuel_baker\tp1\listesc.h(77): warning C4018: '<=' : incompatibilité signed/unsigned
                 p:\prog\tp\tp2_samuel_baker\tp1\listesc.h(76) : lors de la compilation de la fonction membre 'CFood CListSC<CFood *>::Obtenir(int)' de la classe modèle
                 p:\prog\tp\tp2_samuel_baker\tp1\main.cpp(138) : voir la référence à l'instanciation de la fonction modèle 'CFood CListSC<CFood *>::Obtenir(int)' en cours de compilation
                 p:\prog\tp\tp2_samuel_baker\tp1\main.cpp(58) : voir la référence à l'instanciation de la classe modèle 'CListSC<CFood *>' en cours de compilation
     1>p:\prog\tp\tp2_samuel_baker\tp1\listesc.h(105): warning C4018: '<' : incompatibilité signed/unsigned
                 p:\prog\tp\tp2_samuel_baker\tp1\listesc.h(92) : lors de la compilation de la fonction membre 'bool CListSC<CFood *>::retirer(int)' de la classe modèle
                 p:\prog\tp\tp2_samuel_baker\tp1\main.cpp(325) : voir la référence à l'instanciation de la fonction modèle 'bool CListSC<CFood *>::retirer(int)' en cours de compilation
       Link:
         C:\Program Files (x86)\Microsoft Visual Studio 12.0\VC\bin\link.exe /ERRORREPORT:PROMPT /OUT:"P:\Prog\TP\TP2_Samuel_Baker\Debug\TP2.exe" /INCREMENTAL /NOLOGO SDL2.lib SDL2main.lib kernel32.lib user32.lib gdi32.lib winspool.lib comdlg32.lib advapi32.lib shell32.lib ole32.lib oleaut32.lib uuid.lib odbc32.lib odbccp32.lib /MANIFEST /MANIFESTUAC:"level='asInvoker' uiAccess='false'" /manifest:embed /DEBUG /PDB:"P:\Prog\TP\TP2_Samuel_Baker\Debug\TP2.pdb" /SUBSYSTEM:CONSOLE /TLBID:1 /DYNAMICBASE /NXCOMPAT /IMPLIB:"P:\Prog\TP\TP2_Samuel_Baker\Debug\TP2.lib" /MACHINE:X86 Debug\Main.obj
         TP1.vcxproj -> P:\Prog\TP\TP2_Samuel_Baker\Debug\TP2.exe
     1>Génération du projet "P:\Prog\TP\TP2_Samuel_Baker\TP1\TP1.vcxproj" terminée (Build cible(s)).

La génération a réussi.

Temps écoulé 00:00:02.52
